<?xml version="1.0" encoding="UTF-8"?>
<!-- Generated by org.testng.reporters.JUnitXMLReporter -->
<testsuite ignored="14" hostname="vishal" failures="0" tests="1" name="Default test" time="29.317" errors="0" timestamp="2022-10-23T22:54:31 EDT">
  <testcase classname="testlayer.Testlayer" name="cancelledorder" time="8.958"/>
  <testcase classname="testlayer.Testlayer" name="buyagain" time="0.0">
    <ignored/>
  </testcase> <!-- buyagain -->
  <testcase classname="testlayer.Testlayer" name="accountandlist" time="0.0">
    <ignored/>
  </testcase> <!-- accountandlist -->
  <testcase classname="testlayer.Testlayer" name="enteraddress" time="0.0">
    <ignored/>
  </testcase> <!-- enteraddress -->
  <testcase classname="testlayer.Testlayer" name="addnewaddresse" time="0.0">
    <ignored/>
  </testcase> <!-- addnewaddresse -->
  <testcase classname="testlayer.Testlayer" name="youraccount" time="0.0">
    <ignored/>
  </testcase> <!-- youraccount -->
  <testcase classname="testlayer.Testlayer" name="email" time="0.0">
    <ignored/>
  </testcase> <!-- email -->
  <testcase classname="testlayer.Testlayer" name="notyetshipped" time="0.0">
    <ignored/>
  </testcase> <!-- notyetshipped -->
  <testcase classname="testlayer.Testlayer" name="addaddresse" time="0.0">
    <ignored/>
  </testcase> <!-- addaddresse -->
  <testcase classname="testlayer.Testlayer" name="nullemail" time="0.0">
    <ignored/>
  </testcase> <!-- nullemail -->
  <testcase classname="testlayer.Testlayer" name="nullpassword" time="0.0">
    <ignored/>
  </testcase> <!-- nullpassword -->
  <testcase classname="testlayer.Testlayer" name="youraddresses" time="0.0">
    <ignored/>
  </testcase> <!-- youraddresses -->
  <testcase classname="testlayer.Testlayer" name="invalidemail" time="0.0">
    <ignored/>
  </testcase> <!-- invalidemail -->
  <testcase classname="testlayer.Testlayer" name="yourorder" time="0.0">
    <ignored/>
  </testcase> <!-- yourorder -->
  <testcase classname="testlayer.Testlayer" name="invalidpassword" time="0.0">
    <ignored/>
  </testcase> <!-- invalidpassword -->
</testsuite> <!-- Default test -->
